<?xml version="1.0" encoding="UTF-8"?>
<!-- Generated by org.testng.reporters.JUnitXMLReporter -->
<testsuite hostname="DESKTOP-T4G2BMJ" ignored="2" name="Test" tests="3" failures="0" timestamp="2022-02-20T02:19:23 IST" time="6.769" errors="0">
  <testcase name="loginTest" time="0.389" classname="pompagefactorytests.TestsClass"/>
  <testcase name="addToCartTest" time="0.078" classname="pompagefactorytests.TestsClass"/>
  <testcase name="descriptionTest" time="0.059" classname="pompagefactorytests.TestsClass"/>
  <testcase name="@AfterTest tearDown" time="0.0" classname="pompagefactorybase.BaseClass">
    <ignored/>
  </testcase> <!-- @AfterTest tearDown -->
  <testcase name="@BeforeTest setUp" time="0.0" classname="pompagefactorybase.BaseClass">
    <ignored/>
  </testcase> <!-- @BeforeTest setUp -->
</testsuite> <!-- Test -->
