<?xml version="1.0" encoding="UTF-8"?>
<testng-results skipped="0" failed="0" ignored="2" total="5" passed="3">
  <reporter-output>
  </reporter-output>
  <suite name="Suite" duration-ms="6769" started-at="2022-02-20T02:19:16 IST" finished-at="2022-02-20T02:19:23 IST">
    <groups>
    </groups>
    <test name="Test" duration-ms="6769" started-at="2022-02-20T02:19:16 IST" finished-at="2022-02-20T02:19:23 IST">
      <class name="pompagefactorytests.TestsClass">
        <test-method status="PASS" signature="loginTest()[pri:1, instance:pompagefactorytests.TestsClass@307f6b8c]" name="loginTest" duration-ms="389" started-at="2022-02-20T02:19:22 IST" finished-at="2022-02-20T02:19:23 IST">
          <reporter-output>
          </reporter-output>
        </test-method> <!-- loginTest -->
        <test-method status="PASS" signature="addToCartTest()[pri:2, instance:pompagefactorytests.TestsClass@307f6b8c]" name="addToCartTest" duration-ms="78" started-at="2022-02-20T02:19:23 IST" finished-at="2022-02-20T02:19:23 IST">
          <reporter-output>
          </reporter-output>
        </test-method> <!-- addToCartTest -->
        <test-method status="PASS" signature="descriptionTest()[pri:3, instance:pompagefactorytests.TestsClass@307f6b8c]" name="descriptionTest" duration-ms="59" started-at="2022-02-20T02:19:23 IST" finished-at="2022-02-20T02:19:23 IST">
          <reporter-output>
          </reporter-output>
        </test-method> <!-- descriptionTest -->
      </class> <!-- pompagefactorytests.TestsClass -->
      <class name="pompagefactorybase.BaseClass">
        <test-method status="PASS" signature="setUp()[pri:0, instance:pompagefactorybase.BaseClass@17d677df]" name="setUp" is-config="true" duration-ms="6100" started-at="2022-02-20T02:19:16 IST" finished-at="2022-02-20T02:19:22 IST">
          <reporter-output>
          </reporter-output>
        </test-method> <!-- setUp -->
        <test-method status="PASS" signature="tearDown()[pri:0, instance:pompagefactorybase.BaseClass@17d677df]" name="tearDown" is-config="true" duration-ms="77" started-at="2022-02-20T02:19:23 IST" finished-at="2022-02-20T02:19:23 IST">
          <reporter-output>
          </reporter-output>
        </test-method> <!-- tearDown -->
      </class> <!-- pompagefactorybase.BaseClass -->
    </test> <!-- Test -->
  </suite> <!-- Suite -->
</testng-results>
